<?xml version="1.0" encoding="UTF-8" ?>
<testsuite failures="0" time="0.01" errors="0" skipped="0" tests="1" name="com.testingbot.tunnel.AppTest">
  <properties>
    <property name="java.runtime.name" value="Java(TM) SE Runtime Environment"/>
    <property name="sun.boot.library.path" value="/System/Library/Java/JavaVirtualMachines/1.6.0.jdk/Contents/Libraries"/>
    <property name="java.vm.version" value="20.4-b02-402"/>
    <property name="awt.nativeDoubleBuffering" value="true"/>
    <property name="gopherProxySet" value="false"/>
    <property name="mrj.build" value="11D50b"/>
    <property name="java.vm.vendor" value="Apple Inc."/>
    <property name="java.vendor.url" value="http://www.apple.com/"/>
    <property name="path.separator" value=":"/>
    <property name="java.vm.name" value="Java HotSpot(TM) 64-Bit Server VM"/>
    <property name="file.encoding.pkg" value="sun.io"/>
    <property name="user.country" value="US"/>
    <property name="sun.java.launcher" value="SUN_STANDARD"/>
    <property name="sun.os.patch.level" value="unknown"/>
    <property name="java.vm.specification.name" value="Java Virtual Machine Specification"/>
    <property name="user.dir" value="/Users/jochen/ruby/testingbot/tunnel"/>
    <property name="java.runtime.version" value="1.6.0_29-b11-402-11D50b"/>
    <property name="java.awt.graphicsenv" value="apple.awt.CGraphicsEnvironment"/>
    <property name="basedir" value="/Users/jochen/ruby/testingbot/tunnel"/>
    <property name="java.endorsed.dirs" value="/System/Library/Java/JavaVirtualMachines/1.6.0.jdk/Contents/Home/lib/endorsed"/>
    <property name="os.arch" value="x86_64"/>
    <property name="surefire.real.class.path" value="/Users/jochen/ruby/testingbot/tunnel/target/surefire/surefirebooter4746781142912923247.jar"/>
    <property name="java.io.tmpdir" value="/var/folders/zz/zyxvpxvq6csfxvn_n0000000000000/T/"/>
    <property name="line.separator" value="
"/>
    <property name="java.vm.specification.vendor" value="Sun Microsystems Inc."/>
    <property name="os.name" value="Mac OS X"/>
    <property name="sun.jnu.encoding" value="MacRoman"/>
    <property name="java.library.path" value=".:/Library/Java/Extensions:/System/Library/Java/Extensions:/usr/lib/java"/>
    <property name="surefire.test.class.path" value="/Users/jochen/ruby/testingbot/tunnel/target/test-classes:/Users/jochen/ruby/testingbot/tunnel/target/classes:/Users/jochen/.m2/repository/junit/junit/3.8.1/junit-3.8.1.jar:/Users/jochen/.m2/repository/org/eclipse/jetty/jetty-server/7.4.5.v20110725/jetty-server-7.4.5.v20110725.jar:/Users/jochen/.m2/repository/javax/servlet/servlet-api/2.5/servlet-api-2.5.jar:/Users/jochen/.m2/repository/org/eclipse/jetty/jetty-continuation/7.4.5.v20110725/jetty-continuation-7.4.5.v20110725.jar:/Users/jochen/.m2/repository/org/eclipse/jetty/jetty-http/7.4.5.v20110725/jetty-http-7.4.5.v20110725.jar:/Users/jochen/.m2/repository/org/eclipse/jetty/jetty-io/7.4.5.v20110725/jetty-io-7.4.5.v20110725.jar:/Users/jochen/.m2/repository/org/eclipse/jetty/jetty-servlet/7.4.5.v20110725/jetty-servlet-7.4.5.v20110725.jar:/Users/jochen/.m2/repository/org/eclipse/jetty/jetty-security/7.4.5.v20110725/jetty-security-7.4.5.v20110725.jar:/Users/jochen/.m2/repository/org/eclipse/jetty/jetty-servlets/7.4.5.v20110725/jetty-servlets-7.4.5.v20110725.jar:/Users/jochen/.m2/repository/org/eclipse/jetty/jetty-client/7.4.5.v20110725/jetty-client-7.4.5.v20110725.jar:/Users/jochen/.m2/repository/org/eclipse/jetty/jetty-util/7.4.5.v20110725/jetty-util-7.4.5.v20110725.jar:/Users/jochen/.m2/repository/org/apache/httpcomponents/httpclient/4.1/httpclient-4.1.jar:/Users/jochen/.m2/repository/org/apache/httpcomponents/httpcore/4.1/httpcore-4.1.jar:/Users/jochen/.m2/repository/commons-logging/commons-logging/1.1.1/commons-logging-1.1.1.jar:/Users/jochen/.m2/repository/commons-codec/commons-codec/1.4/commons-codec-1.4.jar:/Users/jochen/.m2/repository/net/iharder/base64/2.3.8/base64-2.3.8.jar:/Users/jochen/.m2/repository/commons-cli/commons-cli/1.2/commons-cli-1.2.jar:/Users/jochen/.m2/repository/net/sf/json-lib/json-lib/1.0/json-lib-1.0-jdk15.jar:/Users/jochen/.m2/repository/commons-beanutils/commons-beanutils/1.7.0/commons-beanutils-1.7.0.jar:/Users/jochen/.m2/repository/commons-lang/commons-lang/2.2/commons-lang-2.2.jar:/Users/jochen/.m2/repository/net/sf/ezmorph/ezmorph/1.0.1/ezmorph-1.0.1.jar:"/>
    <property name="java.specification.name" value="Java Platform API Specification"/>
    <property name="java.class.version" value="50.0"/>
    <property name="sun.management.compiler" value="HotSpot 64-Bit Tiered Compilers"/>
    <property name="os.version" value="10.7.3"/>
    <property name="http.nonProxyHosts" value="local|*.local|169.254/16|*.169.254/16"/>
    <property name="user.home" value="/Users/jochen"/>
    <property name="user.timezone" value=""/>
    <property name="java.awt.printerjob" value="apple.awt.CPrinterJob"/>
    <property name="java.specification.version" value="1.6"/>
    <property name="file.encoding" value="MacRoman"/>
    <property name="user.name" value="root"/>
    <property name="java.class.path" value="/Users/jochen/ruby/testingbot/tunnel/target/test-classes:/Users/jochen/ruby/testingbot/tunnel/target/classes:/Users/jochen/.m2/repository/junit/junit/3.8.1/junit-3.8.1.jar:/Users/jochen/.m2/repository/org/eclipse/jetty/jetty-server/7.4.5.v20110725/jetty-server-7.4.5.v20110725.jar:/Users/jochen/.m2/repository/javax/servlet/servlet-api/2.5/servlet-api-2.5.jar:/Users/jochen/.m2/repository/org/eclipse/jetty/jetty-continuation/7.4.5.v20110725/jetty-continuation-7.4.5.v20110725.jar:/Users/jochen/.m2/repository/org/eclipse/jetty/jetty-http/7.4.5.v20110725/jetty-http-7.4.5.v20110725.jar:/Users/jochen/.m2/repository/org/eclipse/jetty/jetty-io/7.4.5.v20110725/jetty-io-7.4.5.v20110725.jar:/Users/jochen/.m2/repository/org/eclipse/jetty/jetty-servlet/7.4.5.v20110725/jetty-servlet-7.4.5.v20110725.jar:/Users/jochen/.m2/repository/org/eclipse/jetty/jetty-security/7.4.5.v20110725/jetty-security-7.4.5.v20110725.jar:/Users/jochen/.m2/repository/org/eclipse/jetty/jetty-servlets/7.4.5.v20110725/jetty-servlets-7.4.5.v20110725.jar:/Users/jochen/.m2/repository/org/eclipse/jetty/jetty-client/7.4.5.v20110725/jetty-client-7.4.5.v20110725.jar:/Users/jochen/.m2/repository/org/eclipse/jetty/jetty-util/7.4.5.v20110725/jetty-util-7.4.5.v20110725.jar:/Users/jochen/.m2/repository/org/apache/httpcomponents/httpclient/4.1/httpclient-4.1.jar:/Users/jochen/.m2/repository/org/apache/httpcomponents/httpcore/4.1/httpcore-4.1.jar:/Users/jochen/.m2/repository/commons-logging/commons-logging/1.1.1/commons-logging-1.1.1.jar:/Users/jochen/.m2/repository/commons-codec/commons-codec/1.4/commons-codec-1.4.jar:/Users/jochen/.m2/repository/net/iharder/base64/2.3.8/base64-2.3.8.jar:/Users/jochen/.m2/repository/commons-cli/commons-cli/1.2/commons-cli-1.2.jar:/Users/jochen/.m2/repository/net/sf/json-lib/json-lib/1.0/json-lib-1.0-jdk15.jar:/Users/jochen/.m2/repository/commons-beanutils/commons-beanutils/1.7.0/commons-beanutils-1.7.0.jar:/Users/jochen/.m2/repository/commons-lang/commons-lang/2.2/commons-lang-2.2.jar:/Users/jochen/.m2/repository/net/sf/ezmorph/ezmorph/1.0.1/ezmorph-1.0.1.jar:"/>
    <property name="java.vm.specification.version" value="1.0"/>
    <property name="sun.arch.data.model" value="64"/>
    <property name="java.home" value="/System/Library/Java/JavaVirtualMachines/1.6.0.jdk/Contents/Home"/>
    <property name="sun.java.command" value="/Users/jochen/ruby/testingbot/tunnel/target/surefire/surefirebooter4746781142912923247.jar /Users/jochen/ruby/testingbot/tunnel/target/surefire/surefire4427141681498744787tmp /Users/jochen/ruby/testingbot/tunnel/target/surefire/surefire5444833923491132290tmp"/>
    <property name="java.specification.vendor" value="Sun Microsystems Inc."/>
    <property name="user.language" value="en"/>
    <property name="awt.toolkit" value="apple.awt.CToolkit"/>
    <property name="java.vm.info" value="mixed mode"/>
    <property name="java.version" value="1.6.0_29"/>
    <property name="java.ext.dirs" value="/Library/Java/Extensions:/System/Library/Java/Extensions:/System/Library/Java/JavaVirtualMachines/1.6.0.jdk/Contents/Home/lib/ext"/>
    <property name="sun.boot.class.path" value="/System/Library/Java/JavaVirtualMachines/1.6.0.jdk/Contents/Classes/jsfd.jar:/System/Library/Java/JavaVirtualMachines/1.6.0.jdk/Contents/Classes/classes.jar:/System/Library/Frameworks/JavaVM.framework/Frameworks/JavaRuntimeSupport.framework/Resources/Java/JavaRuntimeSupport.jar:/System/Library/Java/JavaVirtualMachines/1.6.0.jdk/Contents/Classes/ui.jar:/System/Library/Java/JavaVirtualMachines/1.6.0.jdk/Contents/Classes/laf.jar:/System/Library/Java/JavaVirtualMachines/1.6.0.jdk/Contents/Classes/sunrsasign.jar:/System/Library/Java/JavaVirtualMachines/1.6.0.jdk/Contents/Classes/jsse.jar:/System/Library/Java/JavaVirtualMachines/1.6.0.jdk/Contents/Classes/jce.jar:/System/Library/Java/JavaVirtualMachines/1.6.0.jdk/Contents/Classes/charsets.jar"/>
    <property name="java.vendor" value="Apple Inc."/>
    <property name="localRepository" value="/Users/jochen/.m2/repository"/>
    <property name="file.separator" value="/"/>
    <property name="java.vendor.url.bug" value="http://bugreport.apple.com/"/>
    <property name="sun.cpu.endian" value="little"/>
    <property name="sun.io.unicode.encoding" value="UnicodeLittle"/>
    <property name="mrj.version" value="1070.1.6.0_29-402"/>
    <property name="socksNonProxyHosts" value="local|*.local|169.254/16|*.169.254/16"/>
    <property name="ftp.nonProxyHosts" value="local|*.local|169.254/16|*.169.254/16"/>
    <property name="sun.cpu.isalist" value=""/>
  </properties>
  <testcase time="0.001" classname="com.testingbot.tunnel.AppTest" name="testApp"/>
</testsuite>